<?xml version="1.0" encoding="UTF-8"?>
<!-- Generated by org.testng.reporters.JUnitXMLReporter -->
<testsuite ignored="0" hostname="DESKTOP-8H3JR7M" failures="4" tests="5" name="Run on Firefox" time="132.761" errors="0" timestamp="30 Oct 2023 03:10:45 GMT">
  <testcase classname="com.bluecloak.map.Sample_E2E_Test_Map" name="BlueCloak_01_Login_To_System" time="0.78"/>
  <testcase classname="com.bluecloak.map.Sample_E2E_Test_Map" name="BlueCloak_02_Create_Project" time="66.381">
    <failure type="org.openqa.selenium.TimeoutException" message="Expected condition failed: waiting for element to no longer be visible: By.xpath: //*[@class=&amp;apos;loading ng-star-inserted&amp;apos;] (tried for 50 second(s) with 500 milliseconds interval)
Build info: version: &amp;apos;3.141.59&amp;apos;, revision: &amp;apos;e82be7d358&amp;apos;, time: &amp;apos;2018-11-14T08:25:53&amp;apos;
System info: host: &amp;apos;DESKTOP-8H3JR7M&amp;apos;, ip: &amp;apos;192.168.20.33&amp;apos;, os.name: &amp;apos;Windows 10&amp;apos;, os.arch: &amp;apos;amd64&amp;apos;, os.version: &amp;apos;10.0&amp;apos;, java.version: &amp;apos;11.0.12&amp;apos;
Driver info: org.openqa.selenium.firefox.FirefoxDriver
Capabilities {acceptInsecureCerts: true, browserName: firefox, browserVersion: 119.0, javascriptEnabled: true, moz:accessibilityChecks: false, moz:buildID: 20231019122658, moz:geckodriverVersion: 0.32.2, moz:headless: false, moz:platformVersion: 10.0, moz:processID: 10720, moz:profile: C:\Users\TechCare\AppData\L..., moz:shutdownTimeout: 60000, moz:webdriverClick: true, moz:windowless: false, pageLoadStrategy: normal, platform: WINDOWS, platformName: WINDOWS, proxy: Proxy(), setWindowRect: true, strictFileInteractability: false, timeouts: {implicit: 0, pageLoad: 300000, script: 30000}, unhandledPromptBehavior: dismiss and notify}
Session ID: 228208c3-bf2b-4f8d-bd77-9e7d82b79101">
      <![CDATA[org.openqa.selenium.TimeoutException: Expected condition failed: waiting for element to no longer be visible: By.xpath: //*[@class='loading ng-star-inserted'] (tried for 50 second(s) with 500 milliseconds interval)
Build info: version: '3.141.59', revision: 'e82be7d358', time: '2018-11-14T08:25:53'
System info: host: 'DESKTOP-8H3JR7M', ip: '192.168.20.33', os.name: 'Windows 10', os.arch: 'amd64', os.version: '10.0', java.version: '11.0.12'
Driver info: org.openqa.selenium.firefox.FirefoxDriver
Capabilities {acceptInsecureCerts: true, browserName: firefox, browserVersion: 119.0, javascriptEnabled: true, moz:accessibilityChecks: false, moz:buildID: 20231019122658, moz:geckodriverVersion: 0.32.2, moz:headless: false, moz:platformVersion: 10.0, moz:processID: 10720, moz:profile: C:\Users\TechCare\AppData\L..., moz:shutdownTimeout: 60000, moz:webdriverClick: true, moz:windowless: false, pageLoadStrategy: normal, platform: WINDOWS, platformName: WINDOWS, proxy: Proxy(), setWindowRect: true, strictFileInteractability: false, timeouts: {implicit: 0, pageLoad: 300000, script: 30000}, unhandledPromptBehavior: dismiss and notify}
Session ID: 228208c3-bf2b-4f8d-bd77-9e7d82b79101
at org.openqa.selenium.support.ui.WebDriverWait.timeoutException(WebDriverWait.java:95)
at org.openqa.selenium.support.ui.FluentWait.until(FluentWait.java:272)
at commons.BasePage.waitForElementInvisible(BasePage.java:548)
at commons.BasePage.waitingLoadingIcon(BasePage.java:448)
at pageObjects.blueCloak.AddProjectPageObject.clickToProject(AddProjectPageObject.java:50)
at com.bluecloak.map.Sample_E2E_Test_Map.BlueCloak_02_Create_Project(Sample_E2E_Test_Map.java:59)
... Removed 25 stack frames]]>
    </failure>
  </testcase> <!-- BlueCloak_02_Create_Project -->
  <testcase classname="com.bluecloak.map.Sample_E2E_Test_Map" name="BlueCloak_03_Add_Node_To_Map" time="0.165">
    <failure type="org.openqa.selenium.ElementClickInterceptedException" message="Element &amp;lt;input id=&amp;quot;toolpanel-device&amp;quot; class=&amp;quot;mat-input-element mat-form-field-autofill-control mat-autocomplete-trigger ng-tns-c67-66 ng-untouched ng-pristine ng-valid cdk-text-field-autofill-monitored&amp;quot; type=&amp;quot;text&amp;quot;&amp;gt; is not clickable at point (141,258) because another element &amp;lt;div class=&amp;quot;loading ng-star-inserted&amp;quot;&amp;gt; obscures it
Build info: version: &amp;apos;3.141.59&amp;apos;, revision: &amp;apos;e82be7d358&amp;apos;, time: &amp;apos;2018-11-14T08:25:53&amp;apos;
System info: host: &amp;apos;DESKTOP-8H3JR7M&amp;apos;, ip: &amp;apos;192.168.20.33&amp;apos;, os.name: &amp;apos;Windows 10&amp;apos;, os.arch: &amp;apos;amd64&amp;apos;, os.version: &amp;apos;10.0&amp;apos;, java.version: &amp;apos;11.0.12&amp;apos;
Driver info: org.openqa.selenium.firefox.FirefoxDriver
Capabilities {acceptInsecureCerts: true, browserName: firefox, browserVersion: 119.0, javascriptEnabled: true, moz:accessibilityChecks: false, moz:buildID: 20231019122658, moz:geckodriverVersion: 0.32.2, moz:headless: false, moz:platformVersion: 10.0, moz:processID: 10720, moz:profile: C:\Users\TechCare\AppData\L..., moz:shutdownTimeout: 60000, moz:webdriverClick: true, moz:windowless: false, pageLoadStrategy: normal, platform: WINDOWS, platformName: WINDOWS, proxy: Proxy(), setWindowRect: true, strictFileInteractability: false, timeouts: {implicit: 0, pageLoad: 300000, script: 30000}, unhandledPromptBehavior: dismiss and notify}
Session ID: 228208c3-bf2b-4f8d-bd77-9e7d82b79101">
      <![CDATA[org.openqa.selenium.ElementClickInterceptedException: Element <input id="toolpanel-device" class="mat-input-element mat-form-field-autofill-control mat-autocomplete-trigger ng-tns-c67-66 ng-untouched ng-pristine ng-valid cdk-text-field-autofill-monitored" type="text"> is not clickable at point (141,258) because another element <div class="loading ng-star-inserted"> obscures it
Build info: version: '3.141.59', revision: 'e82be7d358', time: '2018-11-14T08:25:53'
System info: host: 'DESKTOP-8H3JR7M', ip: '192.168.20.33', os.name: 'Windows 10', os.arch: 'amd64', os.version: '10.0', java.version: '11.0.12'
Driver info: org.openqa.selenium.firefox.FirefoxDriver
Capabilities {acceptInsecureCerts: true, browserName: firefox, browserVersion: 119.0, javascriptEnabled: true, moz:accessibilityChecks: false, moz:buildID: 20231019122658, moz:geckodriverVersion: 0.32.2, moz:headless: false, moz:platformVersion: 10.0, moz:processID: 10720, moz:profile: C:\Users\TechCare\AppData\L..., moz:shutdownTimeout: 60000, moz:webdriverClick: true, moz:windowless: false, pageLoadStrategy: normal, platform: WINDOWS, platformName: WINDOWS, proxy: Proxy(), setWindowRect: true, strictFileInteractability: false, timeouts: {implicit: 0, pageLoad: 300000, script: 30000}, unhandledPromptBehavior: dismiss and notify}
Session ID: 228208c3-bf2b-4f8d-bd77-9e7d82b79101
at org.openqa.selenium.remote.http.W3CHttpResponseCodec.createException(W3CHttpResponseCodec.java:187)
at org.openqa.selenium.remote.http.W3CHttpResponseCodec.decode(W3CHttpResponseCodec.java:122)
at org.openqa.selenium.remote.http.W3CHttpResponseCodec.decode(W3CHttpResponseCodec.java:49)
at org.openqa.selenium.remote.HttpCommandExecutor.execute(HttpCommandExecutor.java:158)
at org.openqa.selenium.remote.service.DriverCommandExecutor.execute(DriverCommandExecutor.java:83)
at org.openqa.selenium.remote.RemoteWebDriver.execute(RemoteWebDriver.java:552)
at org.openqa.selenium.remote.RemoteWebElement.execute(RemoteWebElement.java:285)
at org.openqa.selenium.remote.RemoteWebElement.click(RemoteWebElement.java:84)
at commons.BasePage.clickToElement(BasePage.java:185)
at pageObjects.blueCloak.MapPageObject.clickToDeviceSelectBox(MapPageObject.java:21)
at com.bluecloak.map.Sample_E2E_Test_Map.BlueCloak_03_Add_Node_To_Map(Sample_E2E_Test_Map.java:64)
... Removed 29 stack frames]]>
    </failure>
  </testcase> <!-- BlueCloak_03_Add_Node_To_Map -->
  <testcase classname="com.bluecloak.map.Sample_E2E_Test_Map" name="BlueCloak_04_Add_PG_To_Map" time="0.16">
    <failure type="org.openqa.selenium.ElementClickInterceptedException" message="Element &amp;lt;button class=&amp;quot;mat-focus-indicator mat-tooltip-trigger add-pg-btn mat-raised-button mat-button-base mat-primary&amp;quot;&amp;gt; is not clickable at point (86,501) because another element &amp;lt;div class=&amp;quot;loading ng-star-inserted&amp;quot;&amp;gt; obscures it
Build info: version: &amp;apos;3.141.59&amp;apos;, revision: &amp;apos;e82be7d358&amp;apos;, time: &amp;apos;2018-11-14T08:25:53&amp;apos;
System info: host: &amp;apos;DESKTOP-8H3JR7M&amp;apos;, ip: &amp;apos;192.168.20.33&amp;apos;, os.name: &amp;apos;Windows 10&amp;apos;, os.arch: &amp;apos;amd64&amp;apos;, os.version: &amp;apos;10.0&amp;apos;, java.version: &amp;apos;11.0.12&amp;apos;
Driver info: org.openqa.selenium.firefox.FirefoxDriver
Capabilities {acceptInsecureCerts: true, browserName: firefox, browserVersion: 119.0, javascriptEnabled: true, moz:accessibilityChecks: false, moz:buildID: 20231019122658, moz:geckodriverVersion: 0.32.2, moz:headless: false, moz:platformVersion: 10.0, moz:processID: 10720, moz:profile: C:\Users\TechCare\AppData\L..., moz:shutdownTimeout: 60000, moz:webdriverClick: true, moz:windowless: false, pageLoadStrategy: normal, platform: WINDOWS, platformName: WINDOWS, proxy: Proxy(), setWindowRect: true, strictFileInteractability: false, timeouts: {implicit: 0, pageLoad: 300000, script: 30000}, unhandledPromptBehavior: dismiss and notify}
Session ID: 228208c3-bf2b-4f8d-bd77-9e7d82b79101">
      <![CDATA[org.openqa.selenium.ElementClickInterceptedException: Element <button class="mat-focus-indicator mat-tooltip-trigger add-pg-btn mat-raised-button mat-button-base mat-primary"> is not clickable at point (86,501) because another element <div class="loading ng-star-inserted"> obscures it
Build info: version: '3.141.59', revision: 'e82be7d358', time: '2018-11-14T08:25:53'
System info: host: 'DESKTOP-8H3JR7M', ip: '192.168.20.33', os.name: 'Windows 10', os.arch: 'amd64', os.version: '10.0', java.version: '11.0.12'
Driver info: org.openqa.selenium.firefox.FirefoxDriver
Capabilities {acceptInsecureCerts: true, browserName: firefox, browserVersion: 119.0, javascriptEnabled: true, moz:accessibilityChecks: false, moz:buildID: 20231019122658, moz:geckodriverVersion: 0.32.2, moz:headless: false, moz:platformVersion: 10.0, moz:processID: 10720, moz:profile: C:\Users\TechCare\AppData\L..., moz:shutdownTimeout: 60000, moz:webdriverClick: true, moz:windowless: false, pageLoadStrategy: normal, platform: WINDOWS, platformName: WINDOWS, proxy: Proxy(), setWindowRect: true, strictFileInteractability: false, timeouts: {implicit: 0, pageLoad: 300000, script: 30000}, unhandledPromptBehavior: dismiss and notify}
Session ID: 228208c3-bf2b-4f8d-bd77-9e7d82b79101
at org.openqa.selenium.remote.http.W3CHttpResponseCodec.createException(W3CHttpResponseCodec.java:187)
at org.openqa.selenium.remote.http.W3CHttpResponseCodec.decode(W3CHttpResponseCodec.java:122)
at org.openqa.selenium.remote.http.W3CHttpResponseCodec.decode(W3CHttpResponseCodec.java:49)
at org.openqa.selenium.remote.HttpCommandExecutor.execute(HttpCommandExecutor.java:158)
at org.openqa.selenium.remote.service.DriverCommandExecutor.execute(DriverCommandExecutor.java:83)
at org.openqa.selenium.remote.RemoteWebDriver.execute(RemoteWebDriver.java:552)
at org.openqa.selenium.remote.RemoteWebElement.execute(RemoteWebElement.java:285)
at org.openqa.selenium.remote.RemoteWebElement.click(RemoteWebElement.java:84)
at commons.BasePage.clickToElement(BasePage.java:185)
at pageObjects.blueCloak.MapPageObject.clickToPublicPortGroupBtn(MapPageObject.java:92)
at com.bluecloak.map.Sample_E2E_Test_Map.BlueCloak_04_Add_PG_To_Map(Sample_E2E_Test_Map.java:82)
... Removed 29 stack frames]]>
    </failure>
  </testcase> <!-- BlueCloak_04_Add_PG_To_Map -->
  <testcase classname="com.bluecloak.map.Sample_E2E_Test_Map" name="BlueCloak_05_Add_Interface_To_Map" time="6.21">
    <failure type="org.openqa.selenium.ElementNotInteractableException" message="Element &amp;lt;button id=&amp;quot;node_interface&amp;quot; class=&amp;quot;cy-context-menus-cxt-menuitem&amp;quot;&amp;gt; could not be scrolled into view
Build info: version: &amp;apos;3.141.59&amp;apos;, revision: &amp;apos;e82be7d358&amp;apos;, time: &amp;apos;2018-11-14T08:25:53&amp;apos;
System info: host: &amp;apos;DESKTOP-8H3JR7M&amp;apos;, ip: &amp;apos;192.168.20.33&amp;apos;, os.name: &amp;apos;Windows 10&amp;apos;, os.arch: &amp;apos;amd64&amp;apos;, os.version: &amp;apos;10.0&amp;apos;, java.version: &amp;apos;11.0.12&amp;apos;
Driver info: org.openqa.selenium.firefox.FirefoxDriver
Capabilities {acceptInsecureCerts: true, browserName: firefox, browserVersion: 119.0, javascriptEnabled: true, moz:accessibilityChecks: false, moz:buildID: 20231019122658, moz:geckodriverVersion: 0.32.2, moz:headless: false, moz:platformVersion: 10.0, moz:processID: 10720, moz:profile: C:\Users\TechCare\AppData\L..., moz:shutdownTimeout: 60000, moz:webdriverClick: true, moz:windowless: false, pageLoadStrategy: normal, platform: WINDOWS, platformName: WINDOWS, proxy: Proxy(), setWindowRect: true, strictFileInteractability: false, timeouts: {implicit: 0, pageLoad: 300000, script: 30000}, unhandledPromptBehavior: dismiss and notify}
Session ID: 228208c3-bf2b-4f8d-bd77-9e7d82b79101">
      <![CDATA[org.openqa.selenium.ElementNotInteractableException: Element <button id="node_interface" class="cy-context-menus-cxt-menuitem"> could not be scrolled into view
Build info: version: '3.141.59', revision: 'e82be7d358', time: '2018-11-14T08:25:53'
System info: host: 'DESKTOP-8H3JR7M', ip: '192.168.20.33', os.name: 'Windows 10', os.arch: 'amd64', os.version: '10.0', java.version: '11.0.12'
Driver info: org.openqa.selenium.firefox.FirefoxDriver
Capabilities {acceptInsecureCerts: true, browserName: firefox, browserVersion: 119.0, javascriptEnabled: true, moz:accessibilityChecks: false, moz:buildID: 20231019122658, moz:geckodriverVersion: 0.32.2, moz:headless: false, moz:platformVersion: 10.0, moz:processID: 10720, moz:profile: C:\Users\TechCare\AppData\L..., moz:shutdownTimeout: 60000, moz:webdriverClick: true, moz:windowless: false, pageLoadStrategy: normal, platform: WINDOWS, platformName: WINDOWS, proxy: Proxy(), setWindowRect: true, strictFileInteractability: false, timeouts: {implicit: 0, pageLoad: 300000, script: 30000}, unhandledPromptBehavior: dismiss and notify}
Session ID: 228208c3-bf2b-4f8d-bd77-9e7d82b79101
at org.openqa.selenium.remote.http.W3CHttpResponseCodec.createException(W3CHttpResponseCodec.java:187)
at org.openqa.selenium.remote.http.W3CHttpResponseCodec.decode(W3CHttpResponseCodec.java:122)
at org.openqa.selenium.remote.http.W3CHttpResponseCodec.decode(W3CHttpResponseCodec.java:49)
at org.openqa.selenium.remote.HttpCommandExecutor.execute(HttpCommandExecutor.java:158)
at org.openqa.selenium.remote.service.DriverCommandExecutor.execute(DriverCommandExecutor.java:83)
at org.openqa.selenium.remote.RemoteWebDriver.execute(RemoteWebDriver.java:552)
at org.openqa.selenium.remote.RemoteWebElement.execute(RemoteWebElement.java:285)
at org.openqa.selenium.remote.RemoteWebElement.click(RemoteWebElement.java:84)
at commons.BasePage.clickToElement(BasePage.java:185)
at pageObjects.blueCloak.MapPageObject.connectInterface(MapPageObject.java:67)
at com.bluecloak.map.Sample_E2E_Test_Map.BlueCloak_05_Add_Interface_To_Map(Sample_E2E_Test_Map.java:95)
... Removed 29 stack frames]]>
    </failure>
  </testcase> <!-- BlueCloak_05_Add_Interface_To_Map -->
</testsuite> <!-- Run on Firefox -->
