<?xml version="1.0" encoding="UTF-8"?>
<!-- Generated by org.testng.reporters.JUnitXMLReporter -->
<testsuite ignored="0" hostname="DESKTOP-8H3JR7M" failures="1" tests="1" name="Run on Firefox" time="21.377" errors="0" timestamp="28 Dec 2023 08:00:58 GMT">
  <testcase classname="com.bluecloak.map.Sample_E2E_Test_Map" name="BlueCloak_01_Login_To_System" time="1.706">
    <failure type="java.lang.AssertionError" message="expected [false] but found [true]">
      <![CDATA[java.lang.AssertionError: expected [false] but found [true]
at com.bluecloak.map.Sample_E2E_Test_Map.BlueCloak_01_Login_To_System(Sample_E2E_Test_Map.java:70)
... Removed 28 stack frames]]>
    </failure>
  </testcase> <!-- BlueCloak_01_Login_To_System -->
</testsuite> <!-- Run on Firefox -->
