<?xml version="1.0" encoding="UTF-8"?>
<testng-results ignored="0" total="5" passed="5" failed="0" skipped="0">
  <reporter-output>
  </reporter-output>
  <suite started-at="2023-12-06T09:07:15Z" name="NopCommerce" finished-at="2023-12-06T09:08:35Z" duration-ms="79846">
    <groups>
    </groups>
    <test started-at="2023-12-06T09:07:15Z" name="Run on Firefox" finished-at="2023-12-06T09:08:35Z" duration-ms="79846">
      <class name="com.bluecloak.map.Sample_E2E_Test_Map">
        <test-method is-config="true" signature="beforeClass(java.lang.String)[pri:0, instance:com.bluecloak.map.Sample_E2E_Test_Map@2a5c8d3f]" started-at="2023-12-06T09:07:15Z" name="beforeClass" finished-at="2023-12-06T09:07:28Z" duration-ms="12559" status="PASS">
          <params>
            <param index="0">
              <value>
                <![CDATA[firefox]]>
              </value>
            </param>
          </params>
          <reporter-output>
          </reporter-output>
        </test-method> <!-- beforeClass -->
        <test-method signature="BlueCloak_01_Login_To_System()[pri:0, instance:com.bluecloak.map.Sample_E2E_Test_Map@2a5c8d3f]" started-at="2023-12-06T09:07:28Z" name="BlueCloak_01_Login_To_System" finished-at="2023-12-06T09:07:29Z" duration-ms="1136" status="PASS">
          <reporter-output>
          </reporter-output>
        </test-method> <!-- BlueCloak_01_Login_To_System -->
        <test-method signature="BlueCloak_02_Create_Project()[pri:0, instance:com.bluecloak.map.Sample_E2E_Test_Map@2a5c8d3f]" started-at="2023-12-06T09:07:29Z" name="BlueCloak_02_Create_Project" finished-at="2023-12-06T09:07:52Z" duration-ms="23147" status="PASS">
          <reporter-output>
          </reporter-output>
        </test-method> <!-- BlueCloak_02_Create_Project -->
        <test-method signature="BlueCloak_03_Add_Node_To_Map()[pri:0, instance:com.bluecloak.map.Sample_E2E_Test_Map@2a5c8d3f]" started-at="2023-12-06T09:07:52Z" name="BlueCloak_03_Add_Node_To_Map" finished-at="2023-12-06T09:08:15Z" duration-ms="22585" status="PASS">
          <reporter-output>
          </reporter-output>
        </test-method> <!-- BlueCloak_03_Add_Node_To_Map -->
        <test-method signature="BlueCloak_04_Add_PG_To_Map()[pri:0, instance:com.bluecloak.map.Sample_E2E_Test_Map@2a5c8d3f]" started-at="2023-12-06T09:08:15Z" name="BlueCloak_04_Add_PG_To_Map" finished-at="2023-12-06T09:08:32Z" duration-ms="17401" status="PASS">
          <reporter-output>
          </reporter-output>
        </test-method> <!-- BlueCloak_04_Add_PG_To_Map -->
        <test-method signature="BlueCloak_06_Delete_Project()[pri:0, instance:com.bluecloak.map.Sample_E2E_Test_Map@2a5c8d3f]" started-at="2023-12-06T09:08:32Z" name="BlueCloak_06_Delete_Project" finished-at="2023-12-06T09:08:35Z" duration-ms="2956" status="PASS">
          <reporter-output>
          </reporter-output>
        </test-method> <!-- BlueCloak_06_Delete_Project -->
        <test-method is-config="true" signature="afterClass()[pri:0, instance:com.bluecloak.map.Sample_E2E_Test_Map@2a5c8d3f]" started-at="2023-12-06T09:08:35Z" name="afterClass" finished-at="2023-12-06T09:08:35Z" duration-ms="0" status="PASS">
          <reporter-output>
          </reporter-output>
        </test-method> <!-- afterClass -->
      </class> <!-- com.bluecloak.map.Sample_E2E_Test_Map -->
    </test> <!-- Run on Firefox -->
  </suite> <!-- NopCommerce -->
</testng-results>
