<?xml version="1.0" encoding="UTF-8"?>
<testng-results ignored="0" total="5" passed="5" failed="0" skipped="0">
  <reporter-output>
  </reporter-output>
  <suite started-at="2023-10-19T08:56:32Z" name="NopCommerce" finished-at="2023-10-19T08:57:44Z" duration-ms="72138">
    <groups>
    </groups>
    <test started-at="2023-10-19T08:56:32Z" name="Run on Firefox" finished-at="2023-10-19T08:57:44Z" duration-ms="72138">
      <class name="com.bluecloak.map.Sample_E2E_Test_Map">
        <test-method is-config="true" signature="beforeClass(java.lang.String)[pri:0, instance:com.bluecloak.map.Sample_E2E_Test_Map@2a5c8d3f]" started-at="2023-10-19T08:56:32Z" name="beforeClass" finished-at="2023-10-19T08:56:45Z" duration-ms="13605" status="PASS">
          <params>
            <param index="0">
              <value>
                <![CDATA[firefox]]>
              </value>
            </param>
          </params>
          <reporter-output>
          </reporter-output>
        </test-method> <!-- beforeClass -->
        <test-method signature="BlueCloak_01_Login_To_System()[pri:0, instance:com.bluecloak.map.Sample_E2E_Test_Map@2a5c8d3f]" started-at="2023-10-19T08:56:45Z" name="BlueCloak_01_Login_To_System" finished-at="2023-10-19T08:56:46Z" duration-ms="895" status="PASS">
          <reporter-output>
          </reporter-output>
        </test-method> <!-- BlueCloak_01_Login_To_System -->
        <test-method signature="BlueCloak_02_Create_Project()[pri:0, instance:com.bluecloak.map.Sample_E2E_Test_Map@2a5c8d3f]" started-at="2023-10-19T08:56:46Z" name="BlueCloak_02_Create_Project" finished-at="2023-10-19T08:57:12Z" duration-ms="25589" status="PASS">
          <reporter-output>
          </reporter-output>
        </test-method> <!-- BlueCloak_02_Create_Project -->
        <test-method signature="BlueCloak_03_Add_Node_To_Map()[pri:0, instance:com.bluecloak.map.Sample_E2E_Test_Map@2a5c8d3f]" started-at="2023-10-19T08:57:12Z" name="BlueCloak_03_Add_Node_To_Map" finished-at="2023-10-19T08:57:27Z" duration-ms="15756" status="PASS">
          <reporter-output>
          </reporter-output>
        </test-method> <!-- BlueCloak_03_Add_Node_To_Map -->
        <test-method signature="BlueCloak_04_Add_PG_To_Map()[pri:0, instance:com.bluecloak.map.Sample_E2E_Test_Map@2a5c8d3f]" started-at="2023-10-19T08:57:27Z" name="BlueCloak_04_Add_PG_To_Map" finished-at="2023-10-19T08:57:34Z" duration-ms="6326" status="PASS">
          <reporter-output>
          </reporter-output>
        </test-method> <!-- BlueCloak_04_Add_PG_To_Map -->
        <test-method signature="BlueCloak_05_Add_Interface_To_Map()[pri:0, instance:com.bluecloak.map.Sample_E2E_Test_Map@2a5c8d3f]" started-at="2023-10-19T08:57:34Z" name="BlueCloak_05_Add_Interface_To_Map" finished-at="2023-10-19T08:57:44Z" duration-ms="9925" status="PASS">
          <reporter-output>
          </reporter-output>
        </test-method> <!-- BlueCloak_05_Add_Interface_To_Map -->
        <test-method is-config="true" signature="afterClass()[pri:0, instance:com.bluecloak.map.Sample_E2E_Test_Map@2a5c8d3f]" started-at="2023-10-19T08:57:44Z" name="afterClass" finished-at="2023-10-19T08:57:44Z" duration-ms="1" status="PASS">
          <reporter-output>
          </reporter-output>
        </test-method> <!-- afterClass -->
      </class> <!-- com.bluecloak.map.Sample_E2E_Test_Map -->
    </test> <!-- Run on Firefox -->
  </suite> <!-- NopCommerce -->
</testng-results>
